((0.0751856,1.14494),0.33649)
((0.58615,-1.07132),0.26596)
((-0.714963,1.11523),0.0151565)
((1.1841,1.16162),0.00339124)
((0.777801,-0.00645357),0.854253)
((-0.965192,0.521969),0.126872)
((0.231512,1.01737),0.53778)
((-1.09322,-1.24947),0.00107976)
((0.177755,0.0222241),0.9813)
((1.02017,1.06836),0.0109494)
((0.988815,-0.984778),0.0605727)
((-1.16256,0.901311),0.00363799)
((0.840789,1.14045),0.0181306)
((0.1161,-1.21043),0.187077)
((-1.22814,1.10721),0.00107026)
((-1.09271,-0.172707),0.189342)
((-0.190975,0.282711),0.975079)
((-0.973253,0.028499),0.304486)
((-1.01807,-0.730761),0.0207372)
((0.603364,0.74654),0.766793)
((-0.408407,0.897134),0.450128)
((0.629922,-0.406934),0.944987)
((0.656342,1.14382),0.0781955)
((-0.744838,-0.985685),0.0346168)
((1.09733,0.32606),0.23295)
((0.0979983,-0.441812),0.972103)
((-0.53805,-0.507387),0.867546)
((-0.150793,0.61851),0.940759)
((0.300374,0.881617),0.769885)
((-0.157674,-0.0317484),0.979453)
((-1.09502,1.03554),0.00199352)
((-0.657107,1.00101),0.0486901)
((-0.991388,0.24174),0.240815)
((0.42173,0.511964),0.956592)
((-0.414706,0.0426722),0.962953)
((-0.308318,0.592462),0.92448)
((0.00803008,-0.0383807),0.981459)
((-0.0652321,1.14395),0.312959)
((-1.08961,-0.609586),0.0377527)
((-0.309044,0.89939),0.565365)
((1.03984,-0.961081),0.0488801)
((-0.391637,0.258344),0.960007)
((-0.506554,-1.15181),0.0910843)
((-0.897527,0.262157),0.356661)
((1.07934,0.436049),0.220806)
((1.17004,-0.125218),0.224869)
((0.46028,0.927531),0.616816)
((-0.989483,-0.242892),0.265982)
((0.209376,-1.01851),0.38813)
((-0.526796,1.14459),0.0670133)
((-0.37001,1.23923),0.119156)
((0.299647,1.16546),0.288023)
((0.337658,0.0098507),0.978719)
((0.560688,0.986583),0.375848)
((-1.00365,-0.822826),0.010542)
((0.769214,0.680111),0.570279)
((0.617188,0.577966),0.878002)
((-1.13133,0.811339),0.00791813)
((1.17079,-0.040025),0.218917)
((-0.199496,-0.434113),0.965853)
((-1.14484,1.11323),0.00124488)
((0.0289508,-0.923402),0.53911)
((0.381164,1.23),0.193601)
((0.0413075,-0.745059),0.855601)
((0.296751,-0.0097269),0.979776)
((-0.980009,-1.00792),0.00395709)
((-0.0434192,0.253648),0.979035)
((0.564688,0.714371),0.835764)
((-1.07074,-0.998663),0.00226422)
((0.477299,-0.531488),0.955213)
((-0.225978,-0.520379),0.950746)
((-1.00841,-0.897442),0.00589746)
((-0.812172,-0.168329),0.597857)
((0.890553,0.0246972),0.668114)
((0.086667,-0.88694),0.630822)
((0.692432,0.204503),0.904624)
((-0.411364,1.20403),0.109554)
((1.17868,0.158081),0.196402)
((-0.630548,-0.127926),0.879467)
((-0.0556726,-0.688885),0.894395)
((-0.584866,0.158503),0.900079)
((-1.03667,-0.79022),0.0109919)
((-1.2246,0.730567),0.0116769)
((1.13488,-1.09282),0.00909055)
((0.556303,-0.219365),0.963846)
((0.632378,0.881644),0.488425)
((0.294181,-0.69755),0.910193)
((-1.22174,1.20091),0.000826746)
((1.15934,0.109635),0.214482)
((0.129529,-0.503832),0.966265)
((-0.400279,0.00631152),0.965277)
((1.07774,1.04691),0.0106151)
((0.475939,-0.886737),0.657083)
((-0.884471,-0.297719),0.413177)
((1.24446,0.598733),0.101153)
((0.412984,1.027),0.448182)
((0.743691,-0.778062),0.682761)
((0.606312,0.289942),0.93884)
((0.553787,-0.00868172),0.962976)
((-0.913586,0.359483),0.281787)
((-0.674659,1.00113),0.0414677)
((0.952486,0.93987),0.0455288)
((-1.10637,0.238481),0.161356)
((0.647887,-0.969424),0.398681)
((-0.601766,1.11651),0.04169)
((0.25283,-0.690351),0.913832)
((-0.236736,1.18536),0.213067)
((-0.0717714,1.23837),0.232386)
((0.72456,0.184909),0.88265)
((0.268107,1.07592),0.424701)
((0.470619,-0.300912),0.971017)
((0.072352,1.02063),0.526833)
((1.17614,-0.0734646),0.217071)
((0.280768,-1.12882),0.248614)
((0.449783,-0.502957),0.960863)
((-0.699462,-0.858574),0.11179)
((-0.0532103,0.695215),0.921926)
((-0.528323,0.480086),0.867966)
((-1.18871,-1.17949),0.000782216)
((1.23429,-0.306318),0.182243)
((-0.789721,-0.342201),0.595593)
((1.12087,0.937189),0.0233214)
((-1.16227,0.742097),0.0125961)
((-0.0776442,0.0333517),0.980724)
((0.542322,-0.18683),0.9658)
((-0.044817,-0.739156),0.849591)
((-0.490871,-0.0615282),0.948958)
((0.895755,-0.0535646),0.674106)
((-0.260261,0.79179),0.789987)
((0.110162,-1.0066),0.394236)
((-0.408803,-0.758547),0.669834)
((1.09297,-0.396022),0.311789)
((-0.942223,-0.938298),0.00757662)
((0.0313232,-1.05059),0.313853)
((0.161973,-0.22515),0.980174)
((0.902165,0.180204),0.602248)
((1.18936,-0.479614),0.19233)
((-0.878598,0.90849),0.0137178)
((-1.01379,1.20028),0.00143787)
((0.670053,-0.910924),0.503645)
((0.0964572,1.15686),0.324095)
((0.809779,-0.0431647),0.819955)
((-0.469143,0.110131),0.951302)
((0.968017,-0.540521),0.511461)
((0.456174,-0.590383),0.945836)
((-0.0606695,0.327599),0.976993)
((0.956616,0.34288),0.42851)
((0.281682,-0.772132),0.847381)
((0.280388,-0.0188923),0.980106)
((-0.0234805,0.363577),0.976292)
((0.640825,0.347424),0.91826)
((-0.849663,-0.293032),0.487081)
((0.00764864,1.05065),0.461151)
((0.75561,-0.455724),0.882113)
((0.654823,0.607888),0.829964)
((-0.726525,-0.697983),0.277552)
((-0.992986,0.888078),0.00778316)
((0.922653,-0.468431),0.63796)
((-0.427733,1.08493),0.162132)
((-0.641866,-0.336189),0.846192)
((-0.334032,0.918082),0.501425)
((0.200806,-0.0555339),0.981132)
((-0.858583,-0.208446),0.493702)
((-0.856813,-0.459888),0.353883)
((0.65472,-1.12687),0.176019)
((0.765045,0.604326),0.664564)
((-0.587977,0.366069),0.859183)
((0.0242076,-0.642838),0.928374)
((0.813449,-0.859909),0.421301)
((0.00428457,-0.489175),0.966264)
((0.930017,0.794289),0.14806)
((-0.380353,-0.0942497),0.967665)
((0.945063,1.17483),0.00695783)
((0.301722,1.04404),0.472116)
((-0.261438,1.01947),0.383325)
((-0.840514,0.986554),0.0105658)
((1.01078,0.743953),0.125566)
((1.12601,-0.120699),0.266321)
((-1.09414,0.802648),0.00969032)
((0.103073,-0.152858),0.981114)
((0.92353,-0.724021),0.441411)
((-1.12714,1.17562),0.00106772)
((1.18767,1.17306),0.00310886)
((0.635459,0.152353),0.937567)
((0.595503,1.11528),0.14254)
((-0.524204,-0.30458),0.929851)
((0.92318,0.894266),0.0781385)
((-0.0633732,-0.11414),0.980615)
((-0.852724,0.774965),0.0489958)
((-0.167047,-0.0528477),0.979208)
((-0.710842,0.383882),0.666581)
((-0.602826,0.796634),0.306599)
((-0.965838,-0.337471),0.26011)
((0.631263,-0.369417),0.946689)
((1.20948,0.234096),0.172149)
((-0.546439,1.00022),0.122728)
((0.676607,-0.763073),0.771498)
((0.0345169,0.125111),0.981139)
((0.247462,-0.90986),0.610918)
((0.481687,0.716056),0.881495)
((-0.238661,-1.18256),0.16126)
((-0.307929,-0.361915),0.965428)
((-0.205167,-0.749136),0.799783)
((-0.734147,1.1868),0.00951709)
((-0.979331,0.390408),0.190739)
((-0.908767,-1.15511),0.00446648)
((1.11682,0.418938),0.195672)
((1.08822,-0.219608),0.321183)
((-0.949054,-0.746028),0.0302809)
((-0.99233,-0.594723),0.0746314)
((-0.504133,-0.467364),0.905293)
((0.00960058,-1.14305),0.219169)
((-1.24787,-0.512333),0.0419131)
((-0.774935,0.666819),0.198951)
((-0.272846,-0.722296),0.813012)
((0.366918,-0.713311),0.899585)
((-1.11039,0.117418),0.179964)
((0.941128,0.0389731),0.556181)
((0.0210195,0.774433),0.88154)
((0.896883,-1.08397),0.0631403)
((-0.811671,0.749753),0.0831822)
((1.09317,0.387277),0.222243)
((-1.03819,1.21746),0.0012525)
((-0.711958,-0.871073),0.092511)
((-0.127577,0.814633),0.814871)
((-0.968977,-0.58986),0.090332)
((1.21633,0.353179),0.155312)
((0.879271,0.413077),0.55904)
((0.0915863,-0.708236),0.894092)
((-0.829089,0.50081),0.303825)
((-0.379709,0.732123),0.787)
((-0.201843,0.129125),0.977585)
((0.202214,1.1189),0.369282)
((0.360194,-1.22203),0.181507)
((-1.20038,0.290676),0.117878)
((0.387597,-0.662213),0.926671)
((0.181821,0.861885),0.805013)
((0.697796,0.351638),0.879281)
((-0.0254826,-0.786876),0.790772)
((-0.02152,0.813981),0.839826)
((0.576865,0.373809),0.941056)
((0.116133,-0.657342),0.926387)
((-0.452655,-0.264669),0.953001)
((-0.787887,0.487961),0.399269)
((1.15472,-0.0742609),0.234604)
((-0.603712,0.905499),0.148047)
((1.22888,-1.13894),0.0038552)
((0.258379,0.0675494),0.980233)
((0.302644,-0.969117),0.490528)
((-0.457415,-0.279961),0.951126)
((-0.312838,-0.372137),0.964231)
((0.496088,0.24813),0.964933)
((0.324913,0.805411),0.856145)
((-0.954919,0.67234),0.0539854)
((0.018662,1.15144),0.322398)
((-0.197728,-0.706941),0.85413)
((0.939683,0.754708),0.173683)
((-0.62221,0.0213139),0.882986)
((0.722166,-0.057675),0.906464)
((0.655654,-0.431395),0.935868)
((-0.462346,-0.646224),0.805442)
((-1.09441,-1.24999),0.00107251)
((-1.08598,0.453195),0.101139)
((-0.65146,0.91014),0.0963899)
((-0.780622,0.0871475),0.645842)
((-0.312456,1.0573),0.287561)
((0.104425,0.0763667),0.981459)
((0.994789,-0.581382),0.429716)
((1.20624,0.795006),0.0510638)
((-0.827784,-0.0581982),0.567557)
((-0.636783,0.0847375),0.865422)
((-0.816499,-0.403807),0.494053)
((0.71231,-0.710881),0.80146)
((-0.272007,0.872838),0.650363)
((-0.207392,-0.640144),0.906787)
((1.1042,0.756652),0.0805963)
((-0.443479,-1.04812),0.163204)
((-0.701195,0.0154167),0.795735)
((-0.891385,0.987546),0.00720082)
((0.186096,0.218794),0.979832)
((-0.227213,1.22276),0.194158)
((0.916007,0.335192),0.516001)
((1.06744,0.547623),0.190675)
((-1.09465,-0.295088),0.160885)
((0.45053,-0.435608),0.966749)
((1.2346,-0.000352881),0.177423)
((-0.930872,-0.157966),0.36579)
((0.0643073,0.813465),0.851829)
((-0.592306,0.110106),0.899309)
((0.545804,0.824653),0.722944)
((-0.0619455,-1.11837),0.228628)
((0.97879,0.526895),0.299314)
((0.517183,-0.211433),0.968473)
((-1.06117,-0.117136),0.217317)
((-1.19794,-1.23362),0.000702016)
((-1.02649,0.284644),0.196482)
((-0.980731,-0.653756),0.0516414)
((-0.181061,-0.590933),0.934149)
((0.69183,0.0790403),0.915983)
((0.931003,-0.126624),0.613583)
((-0.662618,0.885089),0.105304)
((0.68515,0.311789),0.896059)
((0.23107,1.09486),0.40121)
((-1.20265,-0.448025),0.0687183)
((0.0392638,-0.0938195),0.981414)
((0.675259,-0.928043),0.46145)
((-0.111501,1.00217),0.505001)
((0.931665,0.989775),0.0337664)
((0.152061,0.683615),0.935801)
((-0.487094,0.908546),0.308908)
((-0.0672512,-0.290774),0.977804)
((0.466733,-0.617344),0.937811)
((-0.701932,0.12825),0.779356)
((0.503276,1.05286),0.318261)
((0.33642,-0.794302),0.822261)
((0.168024,-1.02594),0.370719)
((-0.517454,0.647095),0.744865)
((0.723127,1.09323),0.0671752)
((-1.059,-1.11923),0.00161602)
((-0.970977,0.795179),0.0184784)
((-0.422146,-0.0101277),0.962381)
((-0.215852,-0.320659),0.973057)
((0.67998,0.931107),0.30141)
((-0.885863,-1.19893),0.00505061)
((-0.490135,-0.205883),0.947026)
((-0.267348,-0.819309),0.646847)
((-0.123991,1.08484),0.365625)
((0.356802,-0.730089),0.887643)
((-0.602989,0.563275),0.710871)
((-0.538347,-0.496247),0.873344)
((-0.427312,0.672917),0.815241)
((-0.286345,-0.0981168),0.974761)
((0.951195,-0.76952),0.320987)
((-0.8173,1.13636),0.00574179)
((-1.13343,0.477982),0.0784717)
((0.93786,0.114101),0.543726)
((0.189165,-0.706332),0.901613)
((1.1698,0.901413),0.0274758)
((0.0406177,0.161506),0.980864)
((-0.574959,-0.841654),0.282253)
((-0.679931,-0.0997117),0.829259)
((-0.854903,-0.847689),0.0300887)
((0.39365,1.06951),0.381682)
((0.301712,0.868889),0.787616)
((0.922864,0.572355),0.360669)
((-0.430466,0.155781),0.957856)
((0.704194,0.385443),0.866245)
((0.633648,-0.274262),0.94863)
((0.47885,0.526154),0.946185)
((0.564666,0.342696),0.947261)
((-0.300303,0.304586),0.96812)
((-0.817466,0.852407),0.0346326)
((-1.09774,0.330797),0.140452)
((-0.293817,-0.683755),0.850909)
((0.6222,-0.181989),0.95169)
((-1.19296,-0.0195896),0.154035)
((0.757138,0.220011),0.844754)
((0.230251,-0.179746),0.980222)
((-0.998227,0.294778),0.216171)
((-0.659175,1.24915),0.0152282)
((-0.466658,-0.628695),0.822245)
((1.01519,-0.154515),0.439508)
((0.567487,0.245841),0.952701)
((-0.648188,0.900323),0.106543)
((-0.765925,-0.405673),0.607377)
((-0.650026,0.0145158),0.858037)
((-1.03345,0.751936),0.0189905)
((0.288979,-0.623945),0.942693)
((0.860203,-0.0629889),0.744115)
((-1.15521,-0.675769),0.0158802)
((-0.153747,0.967202),0.548964)
((0.760926,-1.12095),0.121178)
((0.247139,1.17355),0.293555)
((-1.1638,0.0505919),0.162341)
((0.298285,0.776262),0.883616)
((-0.865991,0.294426),0.396621)
((0.918612,-0.895134),0.195173)
((0.486037,-1.18352),0.189306)
((1.04664,0.929191),0.0315676)
((-0.593603,0.814587),0.291816)
((0.761515,-1.21404),0.081894)
((0.712038,-0.274417),0.919284)
((0.372571,-0.70152),0.906977)
((-0.452691,-0.884361),0.356234)
((-0.949952,-0.841451),0.0137312)
((0.237277,0.415881),0.97377)
((-0.292086,0.912788),0.554821)
((1.2206,-0.328359),0.189327)
((-1.22512,-0.626946),0.0187009)
((0.414303,0.694777),0.912691)
((-0.377127,-0.872224),0.453139)
((0.525853,0.519632),0.936455)
((0.953704,-1.1031),0.0358654)
((0.256546,-0.734046),0.883422)
((0.381716,0.501759),0.961546)
((0.557009,-0.842947),0.717544)
((0.0816632,0.0130086),0.981648)
((1.13625,-0.574367),0.210037)
((-0.893478,0.817956),0.0253341)
((-0.118616,-1.08571),0.246829)
((-0.0845419,-0.895017),0.565767)
((-0.0483708,-0.46803),0.967541)
((-1.17669,0.909823),0.00330064)
((-1.10193,-0.0857668),0.192031)
((1.01688,0.659606),0.17406)
((1.00436,0.346398),0.34218)
((-0.580668,0.720325),0.504726)
((-1.00602,-0.598802),0.0663172)
((0.93969,0.862105),0.0897762)
((-0.594912,-1.18465),0.0541333)
((-0.451399,0.84074),0.502059)
((0.323088,0.138351),0.9783)
((0.258731,0.998705),0.569651)
((0.228854,-1.14273),0.235248)
((-0.894813,0.875157),0.0157875)
((-1.23567,-0.462573),0.0582137)
((0.530281,-0.0654295),0.966864)
((0.325905,-0.0214287),0.979119)
((-0.15297,-0.972349),0.38691)
((0.233334,-0.849401),0.730122)
((-0.87896,-0.179839),0.457259)
((-0.0476331,-0.569985),0.949976)
((0.266177,1.13591),0.334335)
((-1.22857,-1.02621),0.00102504)
((-0.0250907,0.800325),0.85309)
((1.05978,-0.743501),0.184372)
((-1.01322,0.742604),0.0226232)
((0.947092,0.267175),0.476422)
((0.41643,-1.05701),0.330076)
((-0.154892,-0.777234),0.773008)
((-0.46594,-1.04881),0.150656)
((0.118125,0.326213),0.978153)
((0.166358,0.985278),0.601563)
((-0.428479,1.05978),0.182276)
((-0.75841,0.907289),0.0375589)
((-1.18553,-0.28141),0.125412)
((0.345588,0.79918),0.858254)
((-0.677003,-0.892178),0.106168)
((0.163113,-1.05591),0.325238)
((0.87973,0.629936),0.390974)
((-0.162771,-0.693512),0.874652)
((-0.859137,0.492653),0.261825)
((0.0202045,-0.423454),0.972719)
((0.500475,-1.02),0.375704)
((-0.592191,-0.456429),0.850533)
((-1.20132,-0.658526),0.0154209)
((-0.340104,-1.13621),0.156185)
((-1.24902,0.164107),0.1289)
((0.651161,-0.930853),0.477038)
((0.145306,-0.346402),0.977347)
((0.5197,-0.399694),0.96348)
((-0.159445,0.214274),0.977633)
((-1.19647,0.945833),0.00248252)
((-0.882648,0.328508),0.347969)
((1.2324,0.4016),0.14284)
((-0.304272,1.10811),0.237476)
((-0.978778,-0.315446),0.253789)
((0.805009,-0.221774),0.843015)
((0.141111,-0.844028),0.726785)
((-0.572246,-0.238457),0.913884)
((-0.246022,0.106),0.976178)
((-0.953952,-0.578865),0.107802)
((1.01289,1.19717),0.00425015)
((0.860167,-0.679316),0.631358)
((0.24397,0.405108),0.974141)
((1.14836,0.547256),0.142885)
((0.225002,-0.884474),0.66105)
((-0.349314,-0.918411),0.383176)
((-0.729353,-0.73801),0.209229)
((-1.24102,-0.244744),0.118641)
((-0.919695,0.190666),0.347807)
((-0.471614,1.09087),0.123625)
((-0.746128,-0.166019),0.728429)
((-0.279562,-1.0913),0.201446)
((1.0553,-1.09604),0.0161131)
((-1.11244,0.643337),0.0319454)
((0.0708033,-0.00956421),0.981657)
((-0.74571,-0.650872),0.320626)
((0.787996,-1.14976),0.0918009)
((0.954423,0.985298),0.0307026)
((-0.0931774,-1.03253),0.312369)
((-1.23739,0.625566),0.02545)
((-1.10517,0.47753),0.0858324)
((0.854558,0.0608127),0.730558)
((-0.420736,1.18822),0.110171)
((0.350868,-0.459986),0.969055)
((-0.987429,-0.714419),0.0296194)
((0.267328,0.487021),0.968638)
((0.358351,0.302196),0.974138)
((-0.994778,0.765106),0.0207248)
((-0.856664,-0.460068),0.354003)
((0.13963,-0.730904),0.879349)
((0.703682,-0.712372),0.807183)
((-0.334272,-0.613066),0.896864)
((1.20342,0.92215),0.0222304)
((1.07134,1.03866),0.0116101)
((-0.712313,0.652026),0.334687)
((1.10784,-0.524861),0.26198)
((1.1584,-0.769482),0.0907129)
((-0.177279,0.467834),0.965259)
((0.380808,0.239145),0.974595)
((-0.689382,1.04896),0.0270317)
((-0.119733,0.153051),0.979357)
((-0.168367,0.24971),0.976676)
((-0.61824,-0.766128),0.355016)
((1.19363,-1.12089),0.00522626)
((-1.22107,-0.0421513),0.145557)
((-0.936146,1.19073),0.00213484)
((0.167029,-0.239409),0.979937)
((-1.23901,0.924374),0.00258916)
((0.960275,-0.657197),0.441716)
((-0.517578,1.07389),0.0996867)
((-1.13695,1.24338),0.000886911)
((0.0210531,-1.16042),0.208571)
((-0.759435,1.17634),0.00792789)
((0.814355,-0.628034),0.756278)
((-0.363986,-0.0209863),0.969391)
((-0.21698,0.710922),0.886847)
((0.962058,-0.686058),0.406943)
((-0.57135,-0.177725),0.917606)
((0.483125,-0.125194),0.971757)
((0.86729,-0.949797),0.188627)
((-0.734702,-0.642782),0.358647)
((-0.730442,0.953979),0.034245)
((1.02847,0.504191),0.24656)
((-1.06042,-0.056713),0.220723)
((-0.674813,0.913887),0.0763027)
((-0.309518,0.432459),0.957799)
((0.833019,0.545137),0.572956)
((-0.37993,-0.478652),0.940386)
((0.300132,-0.689327),0.914979)
((-0.52471,1.19287),0.0563983)
((1.09899,0.661247),0.122975)
((1.07993,0.391053),0.233304)
((-0.0653524,-0.878479),0.607639)
((0.401709,-0.969908),0.489396)
((-1.23626,-0.314348),0.103387)
((-0.7509,-0.377969),0.658357)
((-0.0202847,-0.924129),0.52403)
((0.665474,-0.382405),0.935998)
((0.419226,0.929655),0.642898)
((-0.286174,0.281283),0.970183)
((0.0188305,-1.01543),0.362365)
((1.15274,-0.96932),0.0210723)
((1.14081,1.16273),0.00362823)
((-0.444157,0.054772),0.957928)
((0.55251,1.043),0.280259)
((-0.352748,-1.1381),0.151341)
((-0.534198,-0.768345),0.494466)
((-1.07683,-0.771758),0.0100615)
((-0.940242,-0.147642),0.351967)
((1.0727,-1.08283),0.0153115)
((0.942254,-1.03381),0.0614276)
((-0.307513,-0.870424),0.510822)
((0.789426,0.375314),0.758136)
((0.394953,0.47916),0.962619)
((0.735796,-0.977812),0.300599)
((0.914429,-1.19336),0.0317372)
((0.648088,-0.0876885),0.942858)
((1.2188,-0.601792),0.137815)
((0.681583,0.369098),0.889019)
((0.932881,-1.07119),0.0516345)
((-1.02194,-0.681154),0.0310363)
((-0.648568,-0.484918),0.764912)
((-0.0146042,-0.452853),0.969789)
((-1.09328,0.204283),0.175099)
((0.877391,-1.18626),0.0436277)
((0.0239134,-0.587852),0.948148)
((-0.0226112,-0.026685),0.981288)
((-0.99507,0.859538),0.00959775)
((-1.24227,1.12398),0.000988398)
((0.736941,0.764686),0.511091)
((-0.414308,-0.777815),0.624871)
((-0.238805,-1.10024),0.206721)
((0.696247,-0.680021),0.840298)
((0.889329,-0.540282),0.680554)
((-0.511192,0.89918),0.287135)
((0.026658,0.541199),0.964392)
((0.935283,-0.699375),0.44846)
((0.608244,0.259044),0.940488)
((1.2447,-0.320598),0.175897)
((-0.784278,1.14199),0.00733731)
((0.922476,-0.940476),0.139014)
((0.926064,-0.647164),0.527176)
((0.617162,0.137321),0.944607)
((0.462358,0.842686),0.76469)
((0.521737,-1.16741),0.192789)
((-0.649085,0.836382),0.16872)
((-0.425565,0.0273387),0.961509)
((-0.517823,-0.54912),0.855585)
((0.940876,0.803596),0.131376)
((1.04505,-0.768766),0.178486)
((-0.648384,0.102076),0.851988)
((0.592862,-0.767593),0.814356)
((-0.928497,-0.250429),0.350454)
((1.04405,-0.143064),0.384366)
((0.528511,0.189985),0.962322)
((0.569799,-0.88475),0.630534)
((0.00164668,0.175832),0.980544)
((0.208143,0.763999),0.896961)
((0.532699,0.571995),0.922872)
((1.01977,-0.72561),0.255661)
((-0.32085,-0.0199089),0.972867)
((0.391047,-0.177896),0.976731)
((0.108127,-0.202824),0.980597)
((1.1412,0.0708665),0.233142)
((1.05255,0.247519),0.300389)
((0.0474027,-0.802601),0.78081)
((0.692027,0.905599),0.329787)
((0.410165,1.13755),0.268209)
((-1.21729,0.935515),0.0025255)
((0.692503,-1.10931),0.170029)
((0.784651,0.135678),0.825972)
((0.339305,0.192501),0.977136)
((0.371129,0.0717188),0.977259)
((0.377978,0.172625),0.975889)
((-1.19282,-0.307877),0.116219)
((0.507223,-0.10495),0.969598)
((1.11091,1.00963),0.0132061)
((-1.17957,-0.0142909),0.158462)
((-0.18735,1.2152),0.214139)
((-1.091,1.09965),0.00152138)
((-0.716602,1.07488),0.0182492)
((0.559491,0.870251),0.62575)
((-1.1978,1.03839),0.00149818)
((-0.277747,-0.601309),0.916358)
((-1.20081,0.507183),0.0572515)
((-0.781872,-0.921234),0.0356594)
((-0.683702,-0.976104),0.0609535)
((-0.384573,-1.01477),0.223085)
((-0.291265,-0.297522),0.970297)
((-0.444734,0.358096),0.940672)
((1.02145,-0.0610698),0.412642)
((1.10005,1.07393),0.00795127)
((-0.492079,-0.371719),0.932682)
((0.0105887,0.46382),0.971474)
((0.42901,0.3659),0.96724)
((-0.32688,1.12747),0.204944)
((-0.538387,-1.16309),0.0767462)
((-0.60455,-0.678561),0.566695)
((0.429165,0.46942),0.960227)
((-0.466276,0.793956),0.575452)
((-0.985501,-0.813895),0.012931)
((0.858374,-0.816531),0.424011)
((-0.934122,0.211785),0.319476)
((-0.527513,-0.904946),0.242203)
((0.564831,0.618142),0.893593)
((-0.883338,1.23098),0.00260205)
((-0.867807,-0.234108),0.468714)
((0.351112,1.14543),0.291177)
((-1.19644,-0.997595),0.00128008)
((0.927155,0.200996),0.54123)
((0.636529,0.643689),0.825596)
((0.978264,-0.814007),0.216555)
((-1.01444,0.348455),0.181787)
((-1.0097,0.0284665),0.26299)
((0.936411,0.756561),0.175332)
((0.523394,-0.814281),0.775787)
((-0.616773,-1.10555),0.0578216)
((-0.99744,1.02514),0.00310339)
((-0.501386,0.712245),0.672148)
((0.701606,-0.605359),0.879197)
((0.735293,0.563526),0.751809)
((1.18838,0.630462),0.104374)
((1.17201,0.409789),0.165264)
((-0.18019,-0.95255),0.412083)
((0.484239,1.10663),0.252895)
((-0.802123,1.21848),0.00483512)
((-1.0427,0.282422),0.185627)
((-0.839905,1.21454),0.00367091)
((0.313441,0.504331),0.965473)
((-1.21596,0.903103),0.00313775)
((0.955504,-0.852595),0.200327)
((0.444121,-0.653685),0.926979)
((1.01825,-1.24028),0.0109543)
((-0.348597,1.12526),0.191727)
((-0.317536,0.679089),0.87632)
((0.954371,0.114302),0.50815)
((1.06638,0.151163),0.302265)
((0.589425,-1.04029),0.308476)
((0.926988,-0.117808),0.620663)
((0.000217993,1.16381),0.306292)
((0.106875,1.24201),0.24746)
((-0.497179,-1.09336),0.112889)
((-1.01761,-0.459783),0.138139)
((-0.067188,0.772067),0.871728)
((1.12721,-0.0255767),0.256427)
((0.132608,-1.24899),0.171118)
((0.708177,-0.170651),0.919773)
((-0.637868,-0.644148),0.569337)
((-1.19998,-0.485064),0.0568425)
((0.0244135,0.31851),0.978174)
((0.702167,-1.18308),0.119089)
((1.05151,0.144997),0.323939)
((-0.538044,-0.400909),0.908016)
((-0.579186,0.628919),0.668846)
((0.235419,-0.820118),0.779984)
((-1.21794,0.0102552),0.146571)
((-0.140545,0.363143),0.973854)
((0.839742,1.04678),0.0389192)
((0.668354,0.525274),0.857203)
((0.775293,0.357509),0.786994)
((1.15642,1.03004),0.0100637)
((-0.574495,-0.53761),0.814649)
((-0.603328,-0.141698),0.89973)
((0.97752,-0.828821),0.199631)
((-0.00110127,-1.00904),0.368305)
((1.05698,-0.418272),0.36698)
((0.107319,1.21017),0.272041)
((-0.693599,0.173243),0.782919)
((-0.802224,-0.478827),0.453172)
((-0.142818,-0.343803),0.974357)
((-0.794015,-0.0162352),0.63433)
((-0.365298,0.438412),0.948491)
((0.892895,-0.608431),0.632405)
((-0.892839,-0.94814),0.0109241)
((-0.384489,0.391704),0.950835)
((0.864642,-0.46507),0.750041)
((1.07047,-1.04167),0.0208156)
((0.176821,-0.67309),0.921043)
((-0.12168,-0.0689791),0.980051)
((0.668251,-1.21337),0.120419)
((-0.673187,0.74617),0.258603)
((0.882993,0.456333),0.525932)
((-0.405136,0.883287),0.483242)
((0.402657,-0.0364959),0.976491)
((-0.886046,0.725909),0.0564928)
((0.353303,0.461907),0.966936)
((0.776191,0.445849),0.750989)
((0.885119,1.19662),0.00877833)
((-0.864912,0.927889),0.0131482)
((0.0276057,-1.03177),0.33929)
((-0.917801,-0.477455),0.23064)
((0.41259,-0.606379),0.944566)
((1.08944,0.208018),0.26415)
((1.16062,-0.905553),0.0341363)
((0.363628,-0.996435),0.437477)
((0.4155,0.803029),0.835923)
((-0.99574,-0.395935),0.194473)
((0.516554,-0.781121),0.822285)
((-0.80366,0.39412),0.455892)
((-1.02073,-0.375012),0.182219)
((-0.334208,0.471943),0.948948)
((-0.555318,-0.734008),0.536588)
((1.03238,1.22462),0.00329088)
((-0.305517,0.182395),0.971703)
((0.517864,1.23236),0.114624)
((-0.191971,1.04103),0.396345)
((-0.888538,-1.15141),0.0053558)
((0.785351,-0.607081),0.807229)
((-0.703079,0.843822),0.101194)
((-0.381687,-0.0182064),0.96759)
((-0.994769,0.917779),0.00619382)
((0.116738,-0.489245),0.967858)
((-0.242921,-0.27402),0.973724)
((-0.44999,-0.489521),0.919451)
((0.119192,0.761571),0.897436)
((-0.27491,-0.411074),0.963675)
((1.08622,1.09515),0.00695691)
((1.20313,1.05487),0.00762007)
((-0.765638,-0.578251),0.399691)
((-1.16923,1.21133),0.00088705)
((1.24767,-0.42452),0.165074)
((0.0994943,-0.298994),0.978796)
((-0.199462,0.149577),0.977427)
((-1.0566,-0.841842),0.00639596)
((1.15579,0.357164),0.183578)
((0.357281,-0.182527),0.97783)
((-0.228108,1.18089),0.22021)
((-0.30707,-0.924788),0.399719)
((-0.40698,-0.112403),0.964417)
((0.844584,-0.0776102),0.7731)
((0.605107,0.0354352),0.951824)
((0.559983,-0.859429),0.68577)
((0.571373,0.572487),0.906974)
((-0.717091,0.357645),0.670935)
((0.945364,1.22925),0.00485662)
((0.0360608,1.07322),0.430443)
((0.166761,0.256731),0.979411)
((-0.118799,0.840598),0.784094)
((0.422232,-1.05123),0.338195)
((-0.507932,0.690985),0.696481)
((0.88727,-0.157526),0.708812)
((-0.0365062,-1.05971),0.290352)
((-0.59761,0.971203),0.099216)
((0.51548,1.17119),0.15734)
((-0.758496,-0.534915),0.483114)
((-0.311445,0.547843),0.937485)
((0.0925279,0.116506),0.981265)
((0.618936,-0.038831),0.950262)
((-0.132588,-0.901092),0.535174)
((0.346331,0.784607),0.870612)
((-0.614734,0.667333),0.530626)
((0.865196,-1.15014),0.0559311)
((-0.482922,1.02379),0.163314)
((-0.582789,0.06096),0.908655)
((-0.44551,-0.184372),0.957401)
((-1.24289,0.670612),0.017982)
((0.97483,-1.03996),0.0453066)
((-1.04951,0.833863),0.00904501)
((-0.265616,0.787663),0.792521)
((0.748514,0.282559),0.84254)
((-1.02406,1.0749),0.00215379)
((0.817292,1.22499),0.0122286)
((0.941511,-1.02626),0.0651158)
((-0.924947,-0.585711),0.126847)
((0.948849,-0.189044),0.584834)
((0.241736,0.362758),0.975856)
((-0.625269,1.09919),0.0369337)
((-0.886072,0.290548),0.362635)
((0.734993,0.526847),0.77534)
((-0.284022,-1.06365),0.22203)
((0.732982,-0.777766),0.696192)
((0.588051,0.867073),0.592094)
((0.398537,0.706417),0.910406)
((0.247962,-0.00224594),0.980606)
((-0.247489,0.456518),0.961543)
((0.191935,0.845655),0.824762)
((0.42977,0.640334),0.930093)
((-0.402939,0.302521),0.955478)
((-0.533557,0.00482824),0.934637)
((1.14815,-0.544637),0.209724)
((-1.21402,0.941918),0.00244343)
((0.819265,-0.610103),0.761418)
((0.99948,0.752989),0.126831)
((0.49434,0.868038),0.700461)
((-0.887555,0.370958),0.313669)
((-0.317033,-0.877315),0.489343)
((-0.0298239,-1.24977),0.162575)
((0.140958,-0.923247),0.565025)
((0.491982,1.24959),0.120688)
((-0.690248,-1.00093),0.0510253)
((-0.0486028,0.632638),0.944604)
((0.251126,0.670146),0.938764)
((0.642845,-0.706463),0.851385)
((-1.01853,-0.87953),0.00621057)
((0.236479,-0.501881),0.966749)
((-0.122212,0.980257),0.540472)
((0.174929,0.0368047),0.981287)
((1.07706,-0.328323),0.340644)
((-0.622237,-0.442281),0.827255)
((-0.918715,-0.838935),0.0181733)
((0.015089,1.1013),0.384585)
((-0.509748,0.165934),0.936913)
((-1.14591,0.62741),0.0320349)
((-0.11967,1.20763),0.241278)
((-0.78026,1.17786),0.0066088)
((-1.15959,0.787196),0.0087989)
((0.396592,0.523538),0.957823)
((-0.897635,0.950294),0.00883649)
((-0.90515,-0.363079),0.339633)
((0.224624,0.263567),0.978671)
((-0.233549,-0.253957),0.974718)
((-0.762924,0.0444335),0.688223)
((-0.706231,0.37429),0.682165)
((0.687448,-1.06527),0.21644)
((0.927112,-0.530241),0.606921)
((0.732138,0.0494228),0.891161)
((0.649813,-1.08892),0.213503)
((1.08139,-0.147649),0.325215)
((0.962645,-0.832972),0.215203)
((0.242411,-0.801294),0.808484)
((0.153211,0.0160186),0.981462)
((-0.77549,-1.15977),0.0144905)
((0.289246,-1.13969),0.238889)
((0.237831,-0.270544),0.978888)
((0.464249,0.136333),0.971013)
((-1.15615,1.00334),0.0019681)
((0.680588,1.14246),0.0655761)
((-1.10101,0.400133),0.115754)
((0.0363651,1.18754),0.288171)
((-1.00598,0.0556393),0.26425)
((0.129534,-0.420853),0.973722)
((-0.77088,-1.18826),0.0143159)
((-1.08424,-0.288452),0.169131)
((-0.509288,0.403807),0.906538)
((-0.72131,-0.557576),0.536696)
((-1.17411,-0.82049),0.00417353)
((0.0250691,-1.16292),0.207357)
((-0.205507,1.04892),0.376034)
((-0.747388,1.15129),0.00969625)
((-0.326194,0.155755),0.970697)
((0.281237,-0.745473),0.874277)
((0.833024,0.625984),0.494919)
((0.905422,-0.0756735),0.658484)
((0.655994,0.296235),0.916453)
((-1.17632,-0.336243),0.112938)
((-1.22849,0.293119),0.111223)
((-1.04245,-0.532486),0.0831121)
((0.505771,0.493546),0.945532)
((0.0316112,-1.21122),0.181886)
((0.566738,0.158789),0.956562)
((-1.22864,0.305704),0.108381)
((0.460029,-0.794013),0.816244)
((0.0275925,1.24632),0.241539)
((-0.671784,-0.666366),0.453005)
((0.388099,0.278604),0.973282)
((0.00171107,-1.24207),0.167398)
((-0.548424,0.144859),0.922108)
((-0.353436,-0.197842),0.968869)
((-0.13573,-1.21936),0.163087)
((1.21207,1.1994),0.00251347)
((0.867572,-1.22191),0.0410922)
((0.91427,1.14334),0.0105484)
((1.16763,-0.689818),0.128145)
((1.22553,0.0392347),0.179684)
((-0.582126,1.20381),0.0345179)
((-0.0331076,1.06014),0.434704)
((0.322307,-0.479368),0.968054)
((0.758558,-0.914787),0.39297)
((0.182614,-0.813604),0.78435)
((0.755176,-0.253245),0.891701)
((1.20387,0.926327),0.0215232)
((-1.22241,-0.0212447),0.145518)
((0.440304,0.194192),0.971848)
((-1.20813,-0.117885),0.145212)
((1.21204,0.701568),0.0780463)
((1.24887,-0.276452),0.17547)
((1.17938,-0.680629),0.125838)
((0.673785,-0.697856),0.841169)
((1.14089,-0.00514055),0.241168)
((1.10276,-0.863337),0.0670897)
((-0.108535,0.854477),0.767809)
((1.19036,-1.17397),0.00388448)
((-0.97074,-0.227108),0.293717)
((0.500989,0.116851),0.967764)
((-1.07955,0.963919),0.00313594)
((0.591636,1.12207),0.139649)
((1.21216,0.30285),0.1634)
((0.000762033,0.307491),0.978289)
((0.506674,0.663026),0.900356)
((0.978324,0.19354),0.436863)
((0.331564,0.0886215),0.978479)
((-0.538338,-0.349307),0.918105)
((-0.805339,-0.337159),0.563705)
((0.869882,0.106766),0.690453)
((-0.590082,-0.00685026),0.90714)
((-0.132241,-0.0736166),0.979851)
((0.225693,0.729487),0.916177)
((0.480246,-1.01153),0.395999)
((-0.71946,0.535865),0.495694)
((-1.20907,-0.768901),0.00560751)
((-0.425936,-1.20965),0.105865)
((-0.61195,-0.0424836),0.89345)
((0.977744,0.436758),0.348743)
((0.590286,0.93568),0.44103)
((0.981449,0.210337),0.425923)
((0.130229,-1.24319),0.173278)
((0.776275,-0.654053),0.786552)
((-0.162271,0.210737),0.97762)
((-0.649561,0.322826),0.80295)
((0.731244,0.0148501),0.894875)
((-0.414277,-0.246933),0.96043)
((-0.201791,0.997774),0.463366)
((-0.41868,0.753611),0.717355)
((0.938336,0.613648),0.300448)
((1.07972,-0.727371),0.175849)
((0.0825219,-0.554129),0.957735)
((-0.753659,0.757465),0.126831)
((0.720931,-0.804597),0.665731)
((-0.366935,0.419998),0.950686)
((-1.09706,-0.81588),0.00622047)
((-0.0014472,0.676887),0.933248)
((-1.06393,1.11096),0.00159257)
((-0.54931,0.252922),0.911332)
((0.858663,-0.948862),0.200092)
((-0.0202529,-0.391036),0.974275)
((0.361913,0.174116),0.976553)
((-1.12704,0.370031),0.116936)
((-0.881197,-0.274684),0.428881)
((0.88902,-0.740747),0.490651)
((0.259343,-1.22531),0.182985)
((1.187,-0.132716),0.212137)
((-0.564848,-0.905957),0.201242)
((1.08118,-1.11671),0.0115398)
((-0.990794,0.218952),0.248259)
((-0.0751896,-1.21119),0.172945)
((0.946473,-0.12773),0.580155)
((0.741596,-0.989895),0.27446)
((0.326388,0.605708),0.950784)
((0.132371,-0.237622),0.98007)
((-1.21017,0.632945),0.0257516)
((0.408899,-0.139023),0.976197)
((0.940304,1.19673),0.00615576)
((0.910109,1.19824),0.00734022)
((-1.18532,0.818153),0.0063763)
((0.691644,-0.533996),0.906898)
((0.131547,0.911407),0.730999)
((0.514283,1.05682),0.299871)
((-0.568202,0.227632),0.903245)
((0.804127,-0.0417675),0.82721)
((0.514328,-0.693123),0.899474)
((0.684569,0.552697),0.8281)
((-0.813855,-0.961652),0.0208969)
((0.0153475,0.445284),0.972776)
((-1.11813,0.121992),0.175615)
((0.31656,0.418699),0.97139)
((-0.418094,0.586642),0.887492)
((-0.313485,-1.24856),0.126067)
((0.458838,-0.802204),0.80559)
